<?xml version="1.0" encoding="UTF-8"?>
<!-- Generated by org.testng.reporters.JUnitXMLReporter -->
<testsuite hostname="dell-PC" name="PatientTest" tests="6" failures="0" timestamp="25 Aug 2017 19:21:08 GMT" time="54.906" errors="0">
  <testcase name="verifyTitle" time="0.039" classname="com.mmp.tests.VerifyMMPHomePage_SuiteLevel"/>
  <testcase name="verifyTitle" time="0.01" classname="com.mmp.tests.VerifyPatientLoginPage_ExtentReports_Logs_SuiteLevel"/>
  <testcase name="appLogin" time="4.906" classname="com.mmp.tests.VerifyPatientLoginPage_ExtentReports_Logs_SuiteLevel"/>
  <testcase name="verifyTitle" time="0.022" classname="com.mmp.tests.VerifyPatientHomePage_ExtentReports_Logs_SuiteLevel"/>
  <testcase name="appLogin" time="5.005" classname="com.mmp.tests.VerifyPatientHomePage_ExtentReports_Logs_SuiteLevel"/>
  <testcase name="validateTitleAndUsername" time="0.106" classname="com.mmp.tests.VerifyPatientHomePage_ExtentReports_Logs_SuiteLevel"/>
</testsuite> <!-- PatientTest -->
