<?xml version="1.0" encoding="UTF-8"?>
<!-- Generated by org.testng.reporters.JUnitXMLReporter -->
<testsuite hostname="dell-PC" name="MMPSmokeTest" tests="3" failures="0" timestamp="23 Aug 2017 18:37:37 GMT" time="67.111" errors="0">
  <testcase name="verifyTitle" time="0.035" classname="com.mmp.tests.VerifyMMPHomePage"/>
  <testcase name="verifyTitle" time="0.009" classname="com.mmp.tests.VerifyPatientLoginPage"/>
  <testcase name="appLogin" time="5.216" classname="com.mmp.tests.VerifyPatientLoginPage"/>
</testsuite> <!-- MMPSmokeTest -->
