<?xml version="1.0" encoding="UTF-8"?>
<!-- Generated by org.testng.reporters.JUnitXMLReporter -->
<testsuite hostname="dell-PC" name="E2EVer1" tests="10" failures="0" timestamp="16 Oct 2017 17:55:30 GMT" time="113.584" errors="0">
  <testcase name="verifyTitle" time="0.054" classname="testCases.VerifyProfilePage"/>
  <testcase name="appLogin" time="5.928" classname="testCases.VerifyProfilePage"/>
  <testcase name="validateTitleAndUsername" time="0.091" classname="testCases.VerifyProfilePage"/>
  <testcase name="navigateToProfilePage" time="15.489" classname="testCases.VerifyProfilePage"/>
  <testcase name="verifyTitle" time="0.032" classname="testCases.VerifyPatientHomePage"/>
  <testcase name="appLogin" time="5.0" classname="testCases.VerifyPatientHomePage"/>
  <testcase name="validateTitleAndUsername" time="0.102" classname="testCases.VerifyPatientHomePage"/>
  <testcase name="verifyTitle" time="0.011" classname="testCases.VerifyMMPHomePage"/>
  <testcase name="verifyTitle" time="0.011" classname="testCases.VerifyPatientLoginPage"/>
  <testcase name="appLogin" time="4.523" classname="testCases.VerifyPatientLoginPage"/>
</testsuite> <!-- E2EVer1 -->
